<?xml version="1.0" encoding="UTF-8"?>
<!-- Generated by org.testng.reporters.JUnitXMLReporter -->
<testsuite ignored="0" hostname="DESKTOP-2QOB21C" failures="0" tests="3" name="Default test" time="18.245" errors="0" timestamp="2021-09-04T10:22:20 IST">
  <testcase classname="seleniumTestNGPriority.PriorityTestNG" name="test" time="7.995"/>
  <testcase classname="seleniumTestNGPriority.PriorityTestNG" name="launchGoogle" time="4.234"/>
  <testcase classname="seleniumTestNGPriority.PriorityTestNG" name="peformSeachAndClick1stLink" time="5.9"/>
</testsuite> <!-- Default test -->
