<?xml version="1.0" encoding="UTF-8"?>
<!-- Generated by org.testng.reporters.JUnitXMLReporter -->
<testsuite ignored="0" hostname="DESKTOP-2QOB21C" failures="0" tests="3" name="Test" time="16.422" errors="0" timestamp="2021-09-04T10:35:20 IST">
  <testcase classname="seleniumTestNGPriority.PriorityTestNG" name="test" time="7.703"/>
  <testcase classname="seleniumTestNGPriority.PriorityTestNG" name="launchGoogle" time="4.029"/>
  <testcase classname="seleniumTestNGPriority.PriorityTestNG" name="peformSeachAndClick1stLink" time="4.585"/>
</testsuite> <!-- Test -->
