<?xml version="1.0" encoding="UTF-8"?>
<!-- Generated by org.testng.reporters.JUnitXMLReporter -->
<testsuite ignored="0" hostname="DESKTOP-2QOB21C" failures="0" tests="3" name="Test" time="16.386" errors="0" timestamp="2021-09-04T11:49:17 IST">
  <testcase classname="seleniumTestNGPriority.PriorityTestNG" name="test" time="5.111"/>
  <testcase classname="seleniumTestNGPriority.PriorityTestNG" name="launchGoogle" time="5.359"/>
  <testcase classname="seleniumTestNGPriority.PriorityTestNG" name="peformSeachAndClick1stLink" time="5.806"/>
</testsuite> <!-- Test -->
