<?xml version="1.0" encoding="UTF-8"?>
<testng-results ignored="0" total="3" passed="3" failed="0" skipped="0">
  <reporter-output>
  </reporter-output>
  <suite started-at="2021-09-04T10:35:04 IST" name="Suite" finished-at="2021-09-04T10:35:20 IST" duration-ms="16422">
    <groups>
    </groups>
    <test started-at="2021-09-04T10:35:04 IST" name="Test" finished-at="2021-09-04T10:35:20 IST" duration-ms="16422">
      <class name="seleniumTestNGPriority.PriorityTestNG">
        <test-method signature="test()[pri:1, instance:seleniumTestNGPriority.PriorityTestNG@72cde7cc]" started-at="2021-09-04T10:35:04 IST" name="test" finished-at="2021-09-04T10:35:11 IST" duration-ms="7703" status="PASS">
          <reporter-output>
          </reporter-output>
        </test-method> <!-- test -->
        <test-method signature="launchGoogle()[pri:2, instance:seleniumTestNGPriority.PriorityTestNG@72cde7cc]" started-at="2021-09-04T10:35:11 IST" name="launchGoogle" finished-at="2021-09-04T10:35:15 IST" duration-ms="4029" status="PASS">
          <reporter-output>
          </reporter-output>
        </test-method> <!-- launchGoogle -->
        <test-method signature="peformSeachAndClick1stLink()[pri:3, instance:seleniumTestNGPriority.PriorityTestNG@72cde7cc]" started-at="2021-09-04T10:35:15 IST" name="peformSeachAndClick1stLink" finished-at="2021-09-04T10:35:20 IST" duration-ms="4585" status="PASS">
          <reporter-output>
          </reporter-output>
        </test-method> <!-- peformSeachAndClick1stLink -->
      </class> <!-- seleniumTestNGPriority.PriorityTestNG -->
    </test> <!-- Test -->
  </suite> <!-- Suite -->
</testng-results>
