<?xml version="1.0" encoding="UTF-8"?>
<testng-results ignored="0" total="3" passed="3" failed="0" skipped="0">
  <reporter-output>
  </reporter-output>
  <suite started-at="2021-09-04T10:22:01 IST" name="Default suite" finished-at="2021-09-04T10:22:20 IST" duration-ms="18245">
    <groups>
    </groups>
    <test started-at="2021-09-04T10:22:01 IST" name="Default test" finished-at="2021-09-04T10:22:20 IST" duration-ms="18245">
      <class name="seleniumTestNGPriority.PriorityTestNG">
        <test-method signature="test()[pri:1, instance:seleniumTestNGPriority.PriorityTestNG@3246fb96]" started-at="2021-09-04T10:22:01 IST" name="test" finished-at="2021-09-04T10:22:09 IST" duration-ms="7995" status="PASS">
          <reporter-output>
          </reporter-output>
        </test-method> <!-- test -->
        <test-method signature="launchGoogle()[pri:2, instance:seleniumTestNGPriority.PriorityTestNG@3246fb96]" started-at="2021-09-04T10:22:09 IST" name="launchGoogle" finished-at="2021-09-04T10:22:14 IST" duration-ms="4234" status="PASS">
          <reporter-output>
          </reporter-output>
        </test-method> <!-- launchGoogle -->
        <test-method signature="peformSeachAndClick1stLink()[pri:3, instance:seleniumTestNGPriority.PriorityTestNG@3246fb96]" started-at="2021-09-04T10:22:14 IST" name="peformSeachAndClick1stLink" finished-at="2021-09-04T10:22:20 IST" duration-ms="5900" status="PASS">
          <reporter-output>
          </reporter-output>
        </test-method> <!-- peformSeachAndClick1stLink -->
      </class> <!-- seleniumTestNGPriority.PriorityTestNG -->
    </test> <!-- Default test -->
  </suite> <!-- Default suite -->
</testng-results>
